<?xml version="1.0" encoding="UTF-8"?>
<testng-results skipped="0" failed="1" total="1" passed="0">
  <reporter-output>
  </reporter-output>
  <suite name="Default suite" duration-ms="6626" started-at="2016-10-11T21:50:16Z" finished-at="2016-10-11T21:50:22Z">
    <groups>
    </groups>
    <test name="Default test" duration-ms="6626" started-at="2016-10-11T21:50:16Z" finished-at="2016-10-11T21:50:22Z">
      <class name="com.example.tests.CreationGroup">
        <test-method status="PASS" signature="setUp()[pri:0, instance:com.example.tests.CreationGroup@174d20a]" name="setUp" is-config="true" duration-ms="4005" started-at="2016-10-12T00:50:16Z" finished-at="2016-10-12T00:50:20Z">
          <reporter-output>
          </reporter-output>
        </test-method> <!-- setUp -->
        <test-method status="FAIL" signature="testNonEmptyGroup()[pri:0, instance:com.example.tests.CreationGroup@174d20a]" name="testNonEmptyGroup" duration-ms="2139" started-at="2016-10-12T00:50:20Z" finished-at="2016-10-12T00:50:22Z">
          <exception class="java.lang.AssertionError">
            <message>
              <![CDATA[Lists differ at element [6]: DataForCreateGroup [name1=(Rob] != DataForCreateGroup [name1=(aaa] expected [DataForCreateGroup [name1=(Rob]] but found [DataForCreateGroup [name1=(aaa]]]]>
            </message>
            <full-stacktrace>
              <![CDATA[java.lang.AssertionError: Lists differ at element [6]: DataForCreateGroup [name1=(Rob] != DataForCreateGroup [name1=(aaa] expected [DataForCreateGroup [name1=(Rob]] but found [DataForCreateGroup [name1=(aaa]]
	at org.testng.Assert.fail(Assert.java:94)
	at org.testng.Assert.failNotEquals(Assert.java:496)
	at org.testng.Assert.assertEquals(Assert.java:125)
	at org.testng.Assert.assertEquals(Assert.java:551)
	at org.testng.Assert.assertEquals(Assert.java:516)
	at com.example.tests.CreationGroup.testNonEmptyGroup(CreationGroup.java:37)
	at sun.reflect.NativeMethodAccessorImpl.invoke0(Native Method)
	at sun.reflect.NativeMethodAccessorImpl.invoke(Unknown Source)
	at sun.reflect.DelegatingMethodAccessorImpl.invoke(Unknown Source)
	at java.lang.reflect.Method.invoke(Unknown Source)
	at org.testng.internal.MethodInvocationHelper.invokeMethod(MethodInvocationHelper.java:85)
	at org.testng.internal.Invoker.invokeMethod(Invoker.java:639)
	at org.testng.internal.Invoker.invokeTestMethod(Invoker.java:816)
	at org.testng.internal.Invoker.invokeTestMethods(Invoker.java:1124)
	at org.testng.internal.TestMethodWorker.invokeTestMethods(TestMethodWorker.java:125)
	at org.testng.internal.TestMethodWorker.run(TestMethodWorker.java:108)
	at org.testng.TestRunner.privateRun(TestRunner.java:774)
	at org.testng.TestRunner.run(TestRunner.java:624)
	at org.testng.SuiteRunner.runTest(SuiteRunner.java:359)
	at org.testng.SuiteRunner.runSequentially(SuiteRunner.java:354)
	at org.testng.SuiteRunner.privateRun(SuiteRunner.java:312)
	at org.testng.SuiteRunner.run(SuiteRunner.java:261)
	at org.testng.SuiteRunnerWorker.runSuite(SuiteRunnerWorker.java:52)
	at org.testng.SuiteRunnerWorker.run(SuiteRunnerWorker.java:86)
	at org.testng.TestNG.runSuitesSequentially(TestNG.java:1215)
	at org.testng.TestNG.runSuitesLocally(TestNG.java:1140)
	at org.testng.TestNG.run(TestNG.java:1048)
	at org.testng.remote.AbstractRemoteTestNG.run(AbstractRemoteTestNG.java:132)
	at org.testng.remote.RemoteTestNG.initAndRun(RemoteTestNG.java:236)
	at org.testng.remote.RemoteTestNG.main(RemoteTestNG.java:81)
]]>
            </full-stacktrace>
          </exception> <!-- java.lang.AssertionError -->
          <reporter-output>
          </reporter-output>
        </test-method> <!-- testNonEmptyGroup -->
        <test-method status="PASS" signature="tearDown()[pri:0, instance:com.example.tests.CreationGroup@174d20a]" name="tearDown" is-config="true" duration-ms="442" started-at="2016-10-12T00:50:22Z" finished-at="2016-10-12T00:50:22Z">
          <reporter-output>
          </reporter-output>
        </test-method> <!-- tearDown -->
      </class> <!-- com.example.tests.CreationGroup -->
    </test> <!-- Default test -->
  </suite> <!-- Default suite -->
</testng-results>
